{
  "stats": {
    "suites": 1,
    "tests": 2,
    "passes": 0,
    "pending": 0,
    "failures": 2,
    "start": "2021-02-13T12:26:57.641Z",
    "end": "2021-02-13T12:26:59.418Z",
    "duration": 1777
  },
  "tests": [
    {
      "title": "Title Test Case",
      "fullTitle": "Test Suite Title Test Case",
      "file": "/Users/folashadedaniel/Desktop/dufuna/dufuna-testing/example-test.js",
      "duration": 1754,
      "currentRetry": 0,
      "err": {
        "stack": "AssertionError [ERR_ASSERTION]: [object Promise] Not equal\n    at Context.<anonymous> (Desktop/dufuna/dufuna-testing/example-test.js:63:16)\n    at processTicksAndRejections (internal/process/task_queues.js:97:5)",
        "message": "[object Promise] Not equal",
        "generatedMessage": false,
        "name": "AssertionError",
        "code": "ERR_ASSERTION",
        "actual": {},
        "expected": "Taries Empire",
        "operator": "strictEqual"
      }
    },
    {
      "title": "Cost Test Case",
      "fullTitle": "Test Suite Cost Test Case",
      "file": "/Users/folashadedaniel/Desktop/dufuna/dufuna-testing/example-test.js",
      "duration": 3,
      "currentRetry": 0,
      "err": {
        "stack": "AssertionError [ERR_ASSERTION]: Not equal\n    at Context.<anonymous> (Desktop/dufuna/dufuna-testing/example-test.js:68:16)\n    at processImmediate (internal/timers.js:456:21)",
        "message": "Not equal",
        "generatedMessage": false,
        "name": "AssertionError",
        "code": "ERR_ASSERTION",
        "actual": {},
        "expected": "187.5",
        "operator": "strictEqual"
      }
    }
  ],
  "pending": [],
  "failures": [
    {
      "title": "Title Test Case",
      "fullTitle": "Test Suite Title Test Case",
      "file": "/Users/folashadedaniel/Desktop/dufuna/dufuna-testing/example-test.js",
      "duration": 1754,
      "currentRetry": 0,
      "err": {
        "stack": "AssertionError [ERR_ASSERTION]: [object Promise] Not equal\n    at Context.<anonymous> (Desktop/dufuna/dufuna-testing/example-test.js:63:16)\n    at processTicksAndRejections (internal/process/task_queues.js:97:5)",
        "message": "[object Promise] Not equal",
        "generatedMessage": false,
        "name": "AssertionError",
        "code": "ERR_ASSERTION",
        "actual": {},
        "expected": "Taries Empire",
        "operator": "strictEqual"
      }
    },
    {
      "title": "Cost Test Case",
      "fullTitle": "Test Suite Cost Test Case",
      "file": "/Users/folashadedaniel/Desktop/dufuna/dufuna-testing/example-test.js",
      "duration": 3,
      "currentRetry": 0,
      "err": {
        "stack": "AssertionError [ERR_ASSERTION]: Not equal\n    at Context.<anonymous> (Desktop/dufuna/dufuna-testing/example-test.js:68:16)\n    at processImmediate (internal/timers.js:456:21)",
        "message": "Not equal",
        "generatedMessage": false,
        "name": "AssertionError",
        "code": "ERR_ASSERTION",
        "actual": {},
        "expected": "187.5",
        "operator": "strictEqual"
      }
    }
  ],
  "passes": []
}
